[2019-07-05 11:17:05] [DEBUG] [com.alibaba.nls.client.transport.netty4.WebSocketClientHandler:73] -- handler added channelid:6c06be81
[2019-07-05 11:17:16] [WARN ] [com.alibaba.nls.client.protocol.NlsClient:94] -- failed to connect to server the 0 time:nls-gateway.cn-shanghai.aliyuncs.com ,try again 
[2019-07-05 11:17:16] [DEBUG] [com.alibaba.nls.client.transport.netty4.WebSocketClientHandler:73] -- handler added channelid:1fb1fee9
[2019-07-05 11:17:17] [WARN ] [com.alibaba.nls.client.protocol.NlsClient:94] -- failed to connect to server the 1 time:nls-gateway.cn-shanghai.aliyuncs.com ,try again 
[2019-07-05 11:17:17] [DEBUG] [com.alibaba.nls.client.transport.netty4.WebSocketClientHandler:73] -- handler added channelid:6665598a
[2019-07-05 11:17:17] [ERROR] [com.alibaba.nls.client.protocol.NlsClient:90] -- failed to connect to server after 3 tries,error msg is :nls-gateway.cn-shanghai.aliyuncs.com
[2019-07-05 11:17:33] [DEBUG] [com.alibaba.nls.client.transport.netty4.WebSocketClientHandler:73] -- handler added channelid:a2de664e
[2019-07-05 11:17:33] [DEBUG] [com.alibaba.nls.client.transport.netty4.NettyWebSocketClient:103] -- websocket channel is established after sync,connectionId:a2de664e ,use 2193
[2019-07-05 11:17:33] [DEBUG] [com.alibaba.nls.client.transport.netty4.WebSocketClientHandler:79] -- channel active,id:a2de664e,13
[2019-07-05 11:17:34] [DEBUG] [com.alibaba.nls.client.transport.netty4.NettyWebSocketClient:111] -- websocket connection is established after handshake,connectionId:a2de664e,use 75
[2019-07-05 11:17:34] [INFO ] [com.alibaba.nls.client.transport.netty4.WebSocketClientHandler:112] -- WebSocket Client connected! response headers:io.netty.handler.codec.http.DefaultHttpHeaders@327e51a2
[2019-07-05 11:17:34] [DEBUG] [com.alibaba.nls.client.transport.netty4.NettyConnection:85] -- thread:1,send:{"payload":{"sample_rate":16000,"format":"pcm","enable_intermediate_result":true},"context":{"sdk":{"name":"nls-sdk-java","version":"2.1.0"},"network":{"upgrade_cost":75,"connect_cost":2193}},"header":{"namespace":"SpeechRecognizer","name":"StartRecognition","message_id":"0149c92d7cf74a1e8fa2fae96f289b38","appkey":"i7WJO1fmUrxI9GiP","task_id":"9331de6e743e46bdb6f87c5b9ce70027"}}
[2019-07-05 11:17:34] [DEBUG] [com.alibaba.nls.client.protocol.asr.SpeechRecognizerListener:89] -- on message:{"header":{"namespace":"SpeechRecognizer","name":"RecognitionStarted","status":20000000,"message_id":"2778a7e5eb864b22b00f6fa8819cb5e1","task_id":"9331de6e743e46bdb6f87c5b9ce70027","status_text":"Gateway:SUCCESS:Success."}}
[2019-07-05 11:17:35] [DEBUG] [com.alibaba.nls.client.protocol.asr.SpeechRecognizerListener:89] -- on message:{"header":{"namespace":"SpeechRecognizer","name":"RecognitionResultChanged","status":20000000,"message_id":"a0df4bbaa133414db84ab1ef63661564","task_id":"9331de6e743e46bdb6f87c5b9ce70027","status_text":"Gateway:SUCCESS:Success."},"payload":{"result":"啊","duration":2448}}
[2019-07-05 11:17:36] [DEBUG] [com.alibaba.nls.client.protocol.asr.SpeechRecognizerListener:89] -- on message:{"header":{"namespace":"SpeechRecognizer","name":"RecognitionResultChanged","status":20000000,"message_id":"13080c6327e34e1492036d5b61b118f1","task_id":"9331de6e743e46bdb6f87c5b9ce70027","status_text":"Gateway:SUCCESS:Success."},"payload":{"result":"啊龙","duration":3032}}
[2019-07-05 11:17:36] [DEBUG] [com.alibaba.nls.client.protocol.asr.SpeechRecognizerListener:89] -- on message:{"header":{"namespace":"SpeechRecognizer","name":"RecognitionResultChanged","status":20000000,"message_id":"71b0a2a99f8f4de5ada8b571ddbd725d","task_id":"9331de6e743e46bdb6f87c5b9ce70027","status_text":"Gateway:SUCCESS:Success."},"payload":{"result":"二楼三楼","duration":3640}}
[2019-07-05 11:17:37] [DEBUG] [com.alibaba.nls.client.protocol.asr.SpeechRecognizerListener:89] -- on message:{"header":{"namespace":"SpeechRecognizer","name":"RecognitionResultChanged","status":20000000,"message_id":"76c8a995cd5941deaed8674774412e99","task_id":"9331de6e743e46bdb6f87c5b9ce70027","status_text":"Gateway:SUCCESS:Success."},"payload":{"result":"二楼三楼四楼","duration":4832}}
[2019-07-05 11:17:39] [DEBUG] [com.alibaba.nls.client.protocol.asr.SpeechRecognizerListener:89] -- on message:{"header":{"namespace":"SpeechRecognizer","name":"RecognitionResultChanged","status":20000000,"message_id":"cdb7d6c87d894d20a0db9b13baddd9bb","task_id":"9331de6e743e46bdb6f87c5b9ce70027","status_text":"Gateway:SUCCESS:Success."},"payload":{"result":"二楼三楼四楼五楼","duration":6056}}
[2019-07-05 11:17:40] [DEBUG] [com.alibaba.nls.client.protocol.asr.SpeechRecognizerListener:89] -- on message:{"header":{"namespace":"SpeechRecognizer","name":"RecognitionResultChanged","status":20000000,"message_id":"4fb62cff1d8742bbbc72c895e77c675e","task_id":"9331de6e743e46bdb6f87c5b9ce70027","status_text":"Gateway:SUCCESS:Success."},"payload":{"result":"二楼三楼四楼五楼六楼","duration":7832}}
[2019-07-05 11:17:42] [DEBUG] [com.alibaba.nls.client.transport.netty4.NettyConnection:85] -- thread:1,send:{"header":{"namespace":"SpeechRecognizer","name":"StopRecognition","message_id":"84914df48ad7482a9209f8bd446674f5","appkey":"i7WJO1fmUrxI9GiP","task_id":"9331de6e743e46bdb6f87c5b9ce70027"}}
[2019-07-05 11:17:42] [DEBUG] [com.alibaba.nls.client.protocol.asr.SpeechRecognizerListener:89] -- on message:{"header":{"namespace":"SpeechRecognizer","name":"RecognitionCompleted","status":20000000,"message_id":"91d81dc1146242eb8b4d7a95c7f7bfc7","task_id":"9331de6e743e46bdb6f87c5b9ce70027","status_text":"Gateway:SUCCESS:Success."},"payload":{"result":"二楼三楼四楼五楼六楼","duration":10000}}
[2019-07-05 11:17:42] [DEBUG] [com.alibaba.nls.client.transport.netty4.WebSocketClientHandler:85] -- channelInactive:a2de664e
[2019-07-05 11:17:42] [INFO ] [com.alibaba.nls.client.protocol.asr.SpeechRecognizerListener:80] -- connection is closed due to channelInactive,code:-1
